#
# A fatal error has been detected by the Java Runtime Environment:
#
#  EXCEPTION_ACCESS_VIOLATION (0xc0000005) at pc=0x000000000d72be88, pid=27524, tid=20564
#
# JRE version: OpenJDK Runtime Environment JBR-11.0.8.10-944.31-jcef (11.0.8+10) (build 11.0.8+10-b944.31)
# Java VM: OpenJDK 64-Bit Server VM JBR-11.0.8.10-944.31-jcef (11.0.8+10-b944.31, mixed mode, tiered, compressed oops, concurrent mark sweep gc, windows-amd64)
# Problematic frame:
# J 21776 c2 com.intellij.ide.impl.DataManagerImpl.getRuleFromMap(Ljava/lang/String;)Lcom/intellij/ide/impl/dataRules/GetDataRule; (41 bytes) @ 0x000000000d72be88 [0x000000000d72bd00+0x0000000000000188]
#
# No core dump will be written. Minidumps are not enabled by default on client versions of Windows
#
# If you would like to submit a bug report, please visit:
#   https://bugreport.java.com/bugreport/crash.jsp
#

---------------  S U M M A R Y ------------

Command Line: exit -Xms128m -Xmx995m -XX:ReservedCodeCacheSize=240m -XX:+UseConcMarkSweepGC -XX:SoftRefLRUPolicyMSPerMB=50 -ea -XX:CICompilerCount=2 -Dsun.io.useCanonPrefixCache=false -Djdk.http.auth.tunneling.disabledSchemes="" -XX:+HeapDumpOnOutOfMemoryError -XX:-OmitStackTraceInFastThrow -Djdk.attach.allowAttachSelf=true -Dkotlinx.coroutines.debug=off -Djdk.module.illegalAccess.silent=true -Djb.vmOptionsFile=C:\Users\Horatio Juan\AppData\Roaming\JetBrains\PyCharmCE2020.2\pycharm64.exe.vmoptions -Djava.library.path=D:\PyCharm\PyCharm Community Edition 2020.2.2\jbr\\bin;D:\PyCharm\PyCharm Community Edition 2020.2.2\jbr\\bin\server -Didea.platform.prefix=PyCharmCore -Dide.native.launcher=true -Didea.vendor.name=JetBrains -Didea.paths.selector=PyCharmCE2020.2 -XX:ErrorFile=C:\Users\Horatio Juan\java_error_in_pycharm_%p.log -XX:HeapDumpPath=C:\Users\Horatio Juan\java_error_in_pycharm.hprof 

Host: Intel(R) Core(TM) i5-1035G1 CPU @ 1.00GHz, 8 cores, 7G,  Windows 10 , 64 bit Build 18362 (10.0.18362.1082)
Time: Sun Oct 11 15:00:09 2020 ?D1¨²¡À¨º¡Á?¨º¡À?? elapsed time: 21082 seconds (0d 5h 51m 22s)

---------------  T H R E A D  ---------------

Current thread (0x000000001ade3800):  JavaThread "AWT-EventQueue-0" [_thread_in_Java, id=20564, stack(0x000000001ca40000,0x000000001cb40000)]

Stack: [0x000000001ca40000,0x000000001cb40000],  sp=0x000000001cb39b60,  free space=998k
Native frames: (J=compiled Java code, j=interpreted, Vv=VM code, C=native code)
C  0x000000000d72be88


siginfo: EXCEPTION_ACCESS_VIOLATION (0xc0000005), reading address 0x0000000000000028


Register to memory mapping:

RIP=0x000000000d72be88 is at entry_point+392 in (nmethod*)0x000000000d72bb10
RAX=0x0000000100784fb0 is a pointer to class: 
com.intellij.ide.impl.dataRules.GetDataRule {0x0000000100784fb8}
RBX={method} {0x000000002649f260} 'getData' '(Lcom/intellij/openapi/actionSystem/DataProvider;)Ljava/lang/Object;' in 'com/intellij/ide/impl/dataRules/PsiElementFromSelectionRule'
RCX=0x0000000097681c4e is an unknown value
RDX=0x00000000d80faf18 is an oop: com.intellij.ide.impl.DataManagerImpl 
{0x00000000d80faf18} - klass: 'com/intellij/ide/impl/DataManagerImpl'
RSP=0x000000001cb39b60 is pointing into the stack for thread: 0x000000001ade3800
RBP=0x000000000000c008 is an unknown value
RSI=0x00000000d8ba0af0 is pointing into object: [B 
{0x00000000d8ba0ad8} - klass: {type array byte}
 - length: 11
RDI=0x0000000000000005 is an unknown value
R8 =0x00000000d8d52b98 is an oop: java.lang.String 
{0x00000000d8d52b98} - klass: 'java/lang/String'
R9 =0x00000000c24f1a40 is an oop: gnu.trove.THashSet 
{0x00000000c24f1a40} - klass: 'gnu/trove/THashSet'
R10=0x00000000d80faf18 is an oop: com.intellij.ide.impl.DataManagerImpl 
{0x00000000d80faf18} - klass: 'com/intellij/ide/impl/DataManagerImpl'
R11=0x0000000020003385 is pointing into metadata
R12=0x0 is NULL
R13=0x00000000c24f1a68 is an oop: [Ljava.lang.Object; 
{0x00000000c24f1a68} - klass: 'java/lang/Object'[]
 - length: 7
R14=0x000000000000c008 is an unknown value
R15=0x000000001ade3800 is a thread


Registers:
RAX=0x0000000100784fb0, RBX=0x000000002649f258, RCX=0x0000000097681c4e, RDX=0x00000000d80faf18
RSP=0x000000001cb39b60, RBP=0x000000000000c008, RSI=0x00000000d8ba0af0, RDI=0x0000000000000005
R8 =0x00000000d8d52b98, R9 =0x00000000c24f1a40, R10=0x00000000d80faf18, R11=0x0000000020003385
R12=0x0000000000000000, R13=0x00000000c24f1a68, R14=0x000000000000c008, R15=0x000000001ade3800
RIP=0x000000000d72be88, EFLAGS=0x0000000000010286

Top of Stack: (sp=0x000000001cb39b60)
0x000000001cb39b60:   00000000d80faf18 00000000d8d52b98
0x000000001cb39b70:   00000000d78bd3b0 00000000d79ae690
0x000000001cb39b80:   00000000c24f1a40 000000000de0f490
0x000000001cb39b90:   00000000d762eb48 000000000d987b34
0x000000001cb39ba0:   00000000d8d52b98 000000000e0bff78
0x000000001cb39bb0:   00000000d762eb48 000000000da7da0c
0x000000001cb39bc0:   0000000000000007 00000000c24f1a40
0x000000001cb39bd0:   00000000c24f1be8 d80faf18d8d52b98
0x000000001cb39be0:   c443c630c24f1a40 00000000d8d52b98
0x000000001cb39bf0:   00000000d80faf18 00000000d79ae6d8
0x000000001cb39c00:   00000000c4493340 0000007a000000f4
0x000000001cb39c10:   0000000120000301 00000000d79ae690
0x000000001cb39c20:   00000000d78bd3b0 00000000d79ae690
0x000000001cb39c30:   00000000d762eb48 000000000de0f38c
0x000000001cb39c40:   00000000d80faf18 00000000c24f1a40
0x000000001cb39c50:   00000000c24f1a40 00000000c24f1a40 

Instructions: (pc=0x000000000d72be88)
0x000000000d72bd88:   10 8b cd 83 c1 f9 83 f9 01 0f 8e 5d 08 00 00 45
0x000000000d72bd98:   8b d0 41 c1 e2 05 45 2b d0 41 b9 01 00 00 00 eb
0x000000000d72bda8:   31 46 0f b6 5c 0e 10 41 8b c8 c1 e1 05 41 2b c8
0x000000000d72bdb8:   41 03 cb 41 ff c1 44 3b cd 0f 8d b8 00 00 00 44
0x000000000d72bdc8:   8b c1 eb dd 0f 1f 40 00 45 8b d0 41 c1 e2 05 45
0x000000000d72bdd8:   2b d0 4d 63 c1 42 0f b6 54 06 10 42 0f b6 7c 06
0x000000000d72bde8:   17 46 0f b6 5c 06 11 42 0f b6 5c 06 16 44 03 d2
0x000000000d72bdf8:   42 0f b6 54 06 14 45 8b ea 41 c1 e5 05 45 2b ea
0x000000000d72be08:   45 03 eb 46 0f b6 5c 06 13 41 8b c5 c1 e0 05 41
0x000000000d72be18:   2b c5 46 0f b6 54 06 12 41 03 c2 46 0f b6 44 06
0x000000000d72be28:   15 44 8b d0 41 c1 e2 05 44 2b d0 45 03 d3 41 8b
0x000000000d72be38:   c2 c1 e0 05 41 2b c2 03 c2 44 8b d8 41 c1 e3 05
0x000000000d72be48:   44 2b d8 45 03 d8 41 8b d3 c1 e2 05 41 2b d3 03
0x000000000d72be58:   d3 44 8b c2 41 c1 e0 05 44 2b c2 44 03 c7 41 83
0x000000000d72be68:   c1 08 44 3b c9 0f 8c 5d ff ff ff 44 3b cd 0f 8c
0x000000000d72be78:   2d ff ff ff 41 8b c8 4c 8b 54 24 08 41 89 4a 10
0x000000000d72be88:   45 8b 5e 28 45 85 db 0f 84 45 03 00 00 41 8b 6b
0x000000000d72be98:   0c 44 8b c1 41 c1 e8 10 44 33 c1 41 81 e0 ff ff
0x000000000d72bea8:   ff 7f 85 ed 0f 86 4d 07 00 00 ff cd 41 23 e8 4c
0x000000000d72beb8:   63 d5 47 8b 54 93 10 45 85 d2 0f 84 12 03 00 00
0x000000000d72bec8:   45 8b 5a 0c 45 3b d8 0f 85 75 01 00 00 41 8b 6a
0x000000000d72bed8:   10 4c 8b dd 4c 3b 5c 24 08 0f 84 26 01 00 00 44
0x000000000d72bee8:   8b 4d 08 4c 8b dd 48 8b 4c 24 08 49 3b cb 0f 84
0x000000000d72bef8:   11 01 00 00 41 81 f9 01 03 00 20 0f 85 4a 01 00
0x000000000d72bf08:   00 0f be 49 14 45 0f be 4b 14 41 3b c9 0f 85 38
0x000000000d72bf18:   01 00 00 45 8b 5b 0c 4c 8b 4c 24 08 41 8b 79 0c
0x000000000d72bf28:   85 c9 0f 85 d1 03 00 00 41 8b 5b 0c 8b 4f 0c 3b
0x000000000d72bf38:   cb 0f 85 a1 04 00 00 4d 8b cb 49 8d 73 10 4c 8b
0x000000000d72bf48:   df 48 8d 7f 10 85 c9 0f 84 a3 00 00 00 8b c1 83
0x000000000d72bf58:   e0 1f 83 e1 e0 0f 84 4b 00 00 00 48 8d 3c 0f 48
0x000000000d72bf68:   8d 34 0e 48 f7 d9 c5 fe 6f 0c 0f c5 fe 6f 04 0e
0x000000000d72bf78:   c5 f5 ef c8 c4 e2 7d 17 c9 0f 85 78 00 00 00 48 


Stack slot to memory mapping:
stack at sp + 0 slots: 0x00000000d80faf18 is an oop: com.intellij.ide.impl.DataManagerImpl 
{0x00000000d80faf18} - klass: 'com/intellij/ide/impl/DataManagerImpl'
stack at sp + 1 slots: 0x00000000d8d52b98 is an oop: java.lang.String 
{0x00000000d8d52b98} - klass: 'java/lang/String'
stack at sp + 2 slots: 0x00000000d78bd3b0 is an oop: com.intellij.openapi.util.KeyedExtensionCollector 
{0x00000000d78bd3b0} - klass: 'com/intellij/openapi/util/KeyedExtensionCollector'
stack at sp + 3 slots: 0x00000000d79ae690 is an oop: java.lang.String 
{0x00000000d79ae690} - klass: 'java/lang/String'
stack at sp + 4 slots: 0x00000000c24f1a40 is an oop: gnu.trove.THashSet 
{0x00000000c24f1a40} - klass: 'gnu/trove/THashSet'
stack at sp + 5 slots: 0x000000000de0f490 is at entry_point+688 in (nmethod*)0x000000000de0ee90
stack at sp + 6 slots: 0x00000000d762eb48 is an oop: com.intellij.ide.impl.dataRules.PsiElementFromSelectionRule 
{0x00000000d762eb48} - klass: 'com/intellij/ide/impl/dataRules/PsiElementFromSelectionRule'
stack at sp + 7 slots: 0x000000000d987b34 is at entry_point+148 in (nmethod*)0x000000000d987910



---------------  P R O C E S S  ---------------

Threads class SMR info:
_java_thread_list=0x000000002e6e8a20, length=39, elements={
0x0000000002230000, 0x0000000019974000, 0x000000001997f800, 0x00000000199e2800,
0x00000000199e3800, 0x00000000199e5000, 0x00000000199e7000, 0x00000000199ef000,
0x0000000019b3b800, 0x0000000019b48000, 0x000000001a9ed800, 0x000000001ae72000,
0x000000001ad34000, 0x000000001ad34800, 0x000000001ade3800, 0x000000001ade0000,
0x000000001ade2800, 0x0000000021322000, 0x0000000021320800, 0x0000000021326800,
0x0000000021323000, 0x000000001d7fb000, 0x000000001d7fd800, 0x000000002db8b800,
0x000000002db94800, 0x000000001d7f2800, 0x000000002db8c800, 0x000000002db87000,
0x000000002db8d800, 0x000000002db88800, 0x000000002db8f000, 0x000000002db8e000,
0x000000002db8a000, 0x000000002db89800, 0x000000002db90000, 0x000000002db95800,
0x000000002db90800, 0x000000002db91800, 0x000000002db93000
}

Java Threads: ( => current thread )
  0x0000000002230000 JavaThread "main" [_thread_in_native, id=27236, stack(0x0000000000050000,0x0000000000150000)]
  0x0000000019974000 JavaThread "Reference Handler" daemon [_thread_blocked, id=22260, stack(0x0000000019d90000,0x0000000019e90000)]
  0x000000001997f800 JavaThread "Finalizer" daemon [_thread_blocked, id=35244, stack(0x0000000019e90000,0x0000000019f90000)]
  0x00000000199e2800 JavaThread "Signal Dispatcher" daemon [_thread_blocked, id=23944, stack(0x0000000019f90000,0x000000001a090000)]
  0x00000000199e3800 JavaThread "Attach Listener" daemon [_thread_blocked, id=34688, stack(0x000000001a090000,0x000000001a190000)]
  0x00000000199e5000 JavaThread "C2 CompilerThread0" daemon [_thread_in_native, id=13328, stack(0x000000001a190000,0x000000001a290000)]
  0x00000000199e7000 JavaThread "C1 CompilerThread0" daemon [_thread_blocked, id=24356, stack(0x000000001a290000,0x000000001a390000)]
  0x00000000199ef000 JavaThread "Sweeper thread" daemon [_thread_blocked, id=25916, stack(0x000000001a390000,0x000000001a490000)]
  0x0000000019b3b800 JavaThread "Service Thread" daemon [_thread_blocked, id=35076, stack(0x000000001a490000,0x000000001a590000)]
  0x0000000019b48000 JavaThread "Common-Cleaner" daemon [_thread_blocked, id=972, stack(0x000000001a790000,0x000000001a890000)]
  0x000000001a9ed800 JavaThread "Periodic tasks thread" daemon [_thread_blocked, id=35724, stack(0x000000001b490000,0x000000001b590000)]
  0x000000001ae72000 JavaThread "Java2D Disposer" daemon [_thread_blocked, id=17476, stack(0x000000001c3d0000,0x000000001c4d0000)]
  0x000000001ad34000 JavaThread "AWT-Shutdown" [_thread_blocked, id=8284, stack(0x000000001c4d0000,0x000000001c5d0000)]
  0x000000001ad34800 JavaThread "AWT-Windows" daemon [_thread_in_native, id=28192, stack(0x000000001c5d0000,0x000000001c6d0000)]
=>0x000000001ade3800 JavaThread "AWT-EventQueue-0" [_thread_in_Java, id=20564, stack(0x000000001ca40000,0x000000001cb40000)]
  0x000000001ade0000 JavaThread "Netty Builtin Server 1" [_thread_in_native, id=30184, stack(0x000000001f000000,0x000000001f100000)]
  0x000000001ade2800 JavaThread "Netty Builtin Server 2" [_thread_in_native, id=32028, stack(0x0000000021950000,0x0000000021a50000)]
  0x0000000021322000 JavaThread "TimerQueue" daemon [_thread_blocked, id=22336, stack(0x0000000024b50000,0x0000000024c50000)]
  0x0000000021320800 JavaThread "fsnotifier64.exe" [_thread_in_native, id=32016, stack(0x0000000027610000,0x0000000027710000)]
  0x0000000021326800 JavaThread "BaseDataReader: output stream of fsnotifier64.exe" [_thread_in_native, id=21508, stack(0x0000000027710000,0x0000000027810000)]
  0x0000000021323000 JavaThread "BaseDataReader: error stream of fsnotifier64.exe" [_thread_in_native, id=33424, stack(0x0000000027810000,0x0000000027910000)]
  0x000000001d7fb000 JavaThread "Keep-Alive-SocketCleaner" daemon [_thread_blocked, id=30656, stack(0x0000000026b90000,0x0000000026c90000)]
  0x000000001d7fd800 JavaThread "Swing-Shell" daemon [_thread_blocked, id=33464, stack(0x0000000026a90000,0x0000000026b90000)]
  0x000000002db8b800 JavaThread "JobScheduler FJ pool 0/7" daemon [_thread_blocked, id=25716, stack(0x00000000248d0000,0x00000000249d0000)]
  0x000000002db94800 JavaThread "JobScheduler FJ pool 9/7" daemon [_thread_blocked, id=29260, stack(0x000000002c7d0000,0x000000002c8d0000)]
  0x000000001d7f2800 JavaThread "JobScheduler FJ pool 5/7" daemon [_thread_blocked, id=30520, stack(0x000000001d140000,0x000000001d240000)]
  0x000000002db8c800 JavaThread "ApplicationImpl pooled thread 55" [_thread_blocked, id=12544, stack(0x000000001d040000,0x000000001d140000)]
  0x000000002db87000 JavaThread "ApplicationImpl pooled thread 56" [_thread_blocked, id=14776, stack(0x0000000022580000,0x0000000022680000)]
  0x000000002db8d800 JavaThread "BaseDataReader: output stream of python.exe" [_thread_in_native, id=36280, stack(0x000000001cf40000,0x000000001d040000)]
  0x000000002db88800 JavaThread "I/O pool 39" [_thread_blocked, id=22624, stack(0x000000001fc80000,0x000000001fd80000)]
  0x000000002db8f000 JavaThread "BaseDataReader: error stream of python.exe" [_thread_in_native, id=1768, stack(0x0000000024c50000,0x0000000024d50000)]
  0x000000002db8e000 JavaThread "JobScheduler FJ pool 2/7" daemon [_thread_blocked, id=36604, stack(0x0000000026520000,0x0000000026620000)]
  0x000000002db8a000 JavaThread "JobScheduler FJ pool 3/7" daemon [_thread_blocked, id=35464, stack(0x0000000026c90000,0x0000000026d90000)]
  0x000000002db89800 JavaThread "JobScheduler FJ pool 1/7" daemon [_thread_blocked, id=24376, stack(0x0000000028510000,0x0000000028610000)]
  0x000000002db90000 JavaThread "JobScheduler FJ pool 4/7" daemon [_thread_blocked, id=17544, stack(0x0000000028610000,0x0000000028710000)]
  0x000000002db95800 JavaThread "ApplicationImpl pooled thread 57" [_thread_in_native, id=27188, stack(0x0000000028710000,0x0000000028810000)]
  0x000000002db90800 JavaThread "ApplicationImpl pooled thread 58" [_thread_blocked, id=32040, stack(0x000000002a6a0000,0x000000002a7a0000)]
  0x000000002db91800 JavaThread "ApplicationImpl pooled thread 59" [_thread_blocked, id=25856, stack(0x000000002a9a0000,0x000000002aaa0000)]
  0x000000002db93000 JavaThread "python.exe" [_thread_in_native, id=22720, stack(0x000000002b8a0000,0x000000002b9a0000)]

Other Threads:
  0x000000001994e000 VMThread "VM Thread" [stack: 0x0000000019c90000,0x0000000019d90000] [id=30424]
  0x0000000019b3c800 WatcherThread [stack: 0x000000001a590000,0x000000001a690000] [id=30980]
  0x0000000002244000 GCTaskThread "GC Thread#0" [stack: 0x0000000014cd0000,0x0000000014dd0000] [id=28668]
  0x000000001a9cc000 GCTaskThread "GC Thread#1" [stack: 0x000000001b190000,0x000000001b290000] [id=2552]
  0x000000001a9d5800 GCTaskThread "GC Thread#2" [stack: 0x000000001b290000,0x000000001b390000] [id=14420]
  0x000000001a9d8000 GCTaskThread "GC Thread#3" [stack: 0x000000001b390000,0x000000001b490000] [id=30876]
  0x000000001afdc800 GCTaskThread "GC Thread#4" [stack: 0x000000001eb00000,0x000000001ec00000] [id=31940]
  0x000000001afde000 GCTaskThread "GC Thread#5" [stack: 0x000000001ec00000,0x000000001ed00000] [id=4632]
  0x000000001afdc000 GCTaskThread "GC Thread#6" [stack: 0x000000001ed00000,0x000000001ee00000] [id=31004]
  0x000000001afdd800 GCTaskThread "GC Thread#7" [stack: 0x000000001ee00000,0x000000001ef00000] [id=29716]
  0x00000000022b4800 ConcurrentGCThread "CMS Main Thread" [stack: 0x0000000018d90000,0x0000000018e90000] [id=22892]
  0x00000000022b2000 GCTaskThread "CMS Thread#0" [stack: 0x0000000018410000,0x0000000018510000] [id=9844]
  0x000000001afdb800 GCTaskThread "CMS Thread#1" [stack: 0x000000001ef00000,0x000000001f000000] [id=35664]

Threads with active compile tasks:
C2 CompilerThread021082167 43969       4       javax.swing.text.FlowView::layout (163 bytes)

VM state:not at safepoint (normal execution)

VM Mutex/Monitor currently owned by a thread: None

Heap address: 0x00000000c1c00000, size: 996 MB, Compressed Oops mode: 32-bit
Narrow klass base: 0x0000000000000000, Narrow klass shift: 3
Compressed class space size: 1073741824 Address: 0x0000000100000000

Heap:
 par new generation   total 39296K, used 12132K [0x00000000c1c00000, 0x00000000c46a0000, 0x00000000d6750000)
  eden space 34944K,  26% used [0x00000000c1c00000, 0x00000000c2530ce0, 0x00000000c3e20000)
  from space 4352K,  62% used [0x00000000c4260000, 0x00000000c4508468, 0x00000000c46a0000)
  to   space 4352K,   0% used [0x00000000c3e20000, 0x00000000c3e20000, 0x00000000c4260000)
 concurrent mark-sweep generation total 303656K, used 268984K [0x00000000d6750000, 0x00000000e8fda000, 0x0000000100000000)
 Metaspace       used 211184K, capacity 218158K, committed 218204K, reserved 1241088K
  class space    used 24245K, capacity 26995K, committed 27004K, reserved 1048576K

Card table byte_map: [0x0000000014dd0000,0x0000000014fd0000] _byte_map_base: 0x00000000147c2000

Marking Bits: (CMSBitMap*) 0x00000000022b15b0
 Bits: [0x00000000159a0000, 0x0000000016402c00)

Mod Union Table: (CMSBitMap*) 0x00000000022b1650
 Bits: [0x00000000020f0000, 0x00000000021198b0)

Polling page: 0x00000000004e0000

Metaspace:

Usage:
  Non-class:    186.68 MB capacity,   182.56 MB ( 98%) used,     3.33 MB (  2%) free+waste,   816.50 KB ( <1%) overhead. 
      Class:     26.36 MB capacity,    23.68 MB ( 90%) used,     2.33 MB (  9%) free+waste,   362.44 KB (  1%) overhead. 
       Both:    213.04 MB capacity,   206.23 MB ( 97%) used,     5.66 MB (  3%) free+waste,     1.15 MB ( <1%) overhead. 

Virtual space:
  Non-class space:      188.00 MB reserved,     186.72 MB (>99%) committed 
      Class space:        1.00 GB reserved,      26.37 MB (  3%) committed 
             Both:        1.18 GB reserved,     213.09 MB ( 18%) committed 

Chunk freelists:
   Non-Class:  37.00 KB
       Class:  0 bytes
        Both:  37.00 KB

MaxMetaspaceSize: 17179869184.00 GB
CompressedClassSpaceSize: 1.00 GB

CodeHeap 'non-profiled nmethods': size=120064Kb used=27954Kb max_used=28574Kb free=92109Kb
 bounds [0x000000000d5b0000, 0x000000000f1c0000, 0x0000000014af0000]
CodeHeap 'profiled nmethods': size=120000Kb used=66264Kb max_used=69216Kb free=53735Kb
 bounds [0x0000000006080000, 0x000000000a520000, 0x000000000d5b0000]
CodeHeap 'non-nmethods': size=5696Kb used=1740Kb max_used=1813Kb free=3955Kb
 bounds [0x0000000005af0000, 0x0000000005d60000, 0x0000000006080000]
 total_blobs=32307 nmethods=30964 adapters=1252
 compilation: enabled
              stopped_count=0, restarted_count=0
 full_count=0

Compilation events (20 events):
Event: 21082.023 Thread 0x00000000199e5000 nmethod 43962 0x000000000e957310 code [0x000000000e957600, 0x000000000e958828]
Event: 21082.024 Thread 0x00000000199e5000 43970       4       javax.swing.text.FlowView::preferenceChanged (29 bytes)
Event: 21082.025 Thread 0x00000000199e5000 nmethod 43970 0x000000000e8a1490 code [0x000000000e8a1640, 0x000000000e8a1738]
Event: 21082.025 Thread 0x00000000199e5000 43969       4       javax.swing.text.FlowView::layout (163 bytes)
Event: 21082.029 Thread 0x00000000199e7000 43971       3       com.intellij.openapi.actionSystem.impl.ActionButton::getDataContext (25 bytes)
Event: 21082.030 Thread 0x00000000199e7000 nmethod 43971 0x00000000089d5610 code [0x00000000089d5840, 0x00000000089d5f18]
Event: 21082.030 Thread 0x00000000199e7000 43972       3       com.intellij.util.SmartFMap::keySet (84 bytes)
Event: 21082.031 Thread 0x00000000199e7000 nmethod 43972 0x000000000919ca10 code [0x000000000919cd40, 0x000000000919e0f8]
Event: 21082.076 Thread 0x00000000199e7000 43975       3       com.intellij.util.containers.LockFreeCopyOnWriteArrayList::remove (37 bytes)
Event: 21082.077 Thread 0x00000000199e7000 nmethod 43975 0x00000000089dce90 code [0x00000000089dd0c0, 0x00000000089dd658]
Event: 21082.080 Thread 0x00000000199e7000 43976       3       net.miginfocom.layout.Grid::getDefaultPushWeights (262 bytes)
Event: 21082.082 Thread 0x00000000199e7000 nmethod 43976 0x000000000912d210 code [0x000000000912d4c0, 0x000000000912e6d8]
Event: 21082.082 Thread 0x00000000199e7000 43977       3       com.intellij.openapi.wm.impl.content.ContentTabLabel::getPreferredSize (333 bytes)
Event: 21082.084 Thread 0x00000000199e7000 nmethod 43977 0x00000000096ad110 code [0x00000000096ad660, 0x00000000096b0848]
Event: 21082.093 Thread 0x00000000199e7000 43978       3       com.intellij.openapi.util.ActionCallback::doWhenDone (26 bytes)
Event: 21082.093 Thread 0x00000000199e7000 nmethod 43978 0x00000000085b1b10 code [0x00000000085b1ce0, 0x00000000085b1f38]
Event: 21082.099 Thread 0x00000000199e7000 43979       3       javax.swing.text.html.parser.Element::getAttribute (32 bytes)
Event: 21082.099 Thread 0x00000000199e7000 nmethod 43979 0x0000000008777d90 code [0x0000000008777f60, 0x00000000087781c8]
Event: 21082.124 Thread 0x00000000199e7000 43980       3       com.intellij.execution.console.LanguageConsoleImpl$Helper$$Lambda$3797/0x00000001019f6c40::getData (13 bytes)
Event: 21082.124 Thread 0x00000000199e7000 nmethod 43980 0x000000000856c510 code [0x000000000856c6e0, 0x000000000856c888]

GC Heap History (20 events):
Event: 20267.308 GC heap before
{Heap before GC invocations=219 (full 9):
 par new generation   total 39296K, used 38778K [0x00000000c1c00000, 0x00000000c46a0000, 0x00000000d6750000)
  eden space 34944K, 100% used [0x00000000c1c00000, 0x00000000c3e20000, 0x00000000c3e20000)
  from space 4352K,  88% used [0x00000000c4260000, 0x00000000c461e9a8, 0x00000000c46a0000)
  to   space 4352K,   0% used [0x00000000c3e20000, 0x00000000c3e20000, 0x00000000c4260000)
 concurrent mark-sweep generation total 303656K, used 264725K [0x00000000d6750000, 0x00000000e8fda000, 0x0000000100000000)
 Metaspace       used 210215K, capacity 217128K, committed 217180K, reserved 1239040K
  class space    used 24205K, capacity 26969K, committed 27004K, reserved 1048576K
}
Event: 20267.312 GC heap after
{Heap after GC invocations=220 (full 9):
 par new generation   total 39296K, used 4025K [0x00000000c1c00000, 0x00000000c46a0000, 0x00000000d6750000)
  eden space 34944K,   0% used [0x00000000c1c00000, 0x00000000c1c00000, 0x00000000c3e20000)
  from space 4352K,  92% used [0x00000000c3e20000, 0x00000000c420e500, 0x00000000c4260000)
  to   space 4352K,   0% used [0x00000000c4260000, 0x00000000c4260000, 0x00000000c46a0000)
 concurrent mark-sweep generation total 303656K, used 266295K [0x00000000d6750000, 0x00000000e8fda000, 0x0000000100000000)
 Metaspace       used 210215K, capacity 217128K, committed 217180K, reserved 1239040K
  class space    used 24205K, capacity 26969K, committed 27004K, reserved 1048576K
}
Event: 20284.224 GC heap before
{Heap before GC invocations=220 (full 9):
 par new generation   total 39296K, used 38969K [0x00000000c1c00000, 0x00000000c46a0000, 0x00000000d6750000)
  eden space 34944K, 100% used [0x00000000c1c00000, 0x00000000c3e20000, 0x00000000c3e20000)
  from space 4352K,  92% used [0x00000000c3e20000, 0x00000000c420e500, 0x00000000c4260000)
  to   space 4352K,   0% used [0x00000000c4260000, 0x00000000c4260000, 0x00000000c46a0000)
 concurrent mark-sweep generation total 303656K, used 266295K [0x00000000d6750000, 0x00000000e8fda000, 0x0000000100000000)
 Metaspace       used 210395K, capacity 217345K, committed 217436K, reserved 1241088K
  class space    used 24220K, capacity 26973K, committed 27004K, reserved 1048576K
}
Event: 20284.227 GC heap after
{Heap after GC invocations=221 (full 9):
 par new generation   total 39296K, used 1809K [0x00000000c1c00000, 0x00000000c46a0000, 0x00000000d6750000)
  eden space 34944K,   0% used [0x00000000c1c00000, 0x00000000c1c00000, 0x00000000c3e20000)
  from space 4352K,  41% used [0x00000000c4260000, 0x00000000c4424520, 0x00000000c46a0000)
  to   space 4352K,   0% used [0x00000000c3e20000, 0x00000000c3e20000, 0x00000000c4260000)
 concurrent mark-sweep generation total 303656K, used 267904K [0x00000000d6750000, 0x00000000e8fda000, 0x0000000100000000)
 Metaspace       used 210395K, capacity 217345K, committed 217436K, reserved 1241088K
  class space    used 24220K, capacity 26973K, committed 27004K, reserved 1048576K
}
Event: 20341.208 GC heap before
{Heap before GC invocations=221 (full 9):
 par new generation   total 39296K, used 36769K [0x00000000c1c00000, 0x00000000c46a0000, 0x00000000d6750000)
  eden space 34944K, 100% used [0x00000000c1c00000, 0x00000000c3e20000, 0x00000000c3e20000)
  from space 4352K,  41% used [0x00000000c4260000, 0x00000000c4428648, 0x00000000c46a0000)
  to   space 4352K,   0% used [0x00000000c3e20000, 0x00000000c3e20000, 0x00000000c4260000)
 concurrent mark-sweep generation total 303656K, used 267904K [0x00000000d6750000, 0x00000000e8fda000, 0x0000000100000000)
 Metaspace       used 210573K, capacity 217511K, committed 217692K, reserved 1241088K
  class space    used 24228K, capacity 26981K, committed 27004K, reserved 1048576K
}
Event: 20341.209 GC heap after
{Heap after GC invocations=222 (full 9):
 par new generation   total 39296K, used 1021K [0x00000000c1c00000, 0x00000000c46a0000, 0x00000000d6750000)
  eden space 34944K,   0% used [0x00000000c1c00000, 0x00000000c1c00000, 0x00000000c3e20000)
  from space 4352K,  23% used [0x00000000c3e20000, 0x00000000c3f1f460, 0x00000000c4260000)
  to   space 4352K,   0% used [0x00000000c4260000, 0x00000000c4260000, 0x00000000c46a0000)
 concurrent mark-sweep generation total 303656K, used 267904K [0x00000000d6750000, 0x00000000e8fda000, 0x0000000100000000)
 Metaspace       used 210573K, capacity 217511K, committed 217692K, reserved 1241088K
  class space    used 24228K, capacity 26981K, committed 27004K, reserved 1048576K
}
Event: 20423.692 GC heap before
{Heap before GC invocations=222 (full 9):
 par new generation   total 39296K, used 35965K [0x00000000c1c00000, 0x00000000c46a0000, 0x00000000d6750000)
  eden space 34944K, 100% used [0x00000000c1c00000, 0x00000000c3e20000, 0x00000000c3e20000)
  from space 4352K,  23% used [0x00000000c3e20000, 0x00000000c3f1f460, 0x00000000c4260000)
  to   space 4352K,   0% used [0x00000000c4260000, 0x00000000c4260000, 0x00000000c46a0000)
 concurrent mark-sweep generation total 303656K, used 267904K [0x00000000d6750000, 0x00000000e8fda000, 0x0000000100000000)
 Metaspace       used 210808K, capacity 217792K, committed 217948K, reserved 1241088K
  class space    used 24241K, capacity 26987K, committed 27004K, reserved 1048576K
}
Event: 20423.696 GC heap after
{Heap after GC invocations=223 (full 9):
 par new generation   total 39296K, used 1289K [0x00000000c1c00000, 0x00000000c46a0000, 0x00000000d6750000)
  eden space 34944K,   0% used [0x00000000c1c00000, 0x00000000c1c00000, 0x00000000c3e20000)
  from space 4352K,  29% used [0x00000000c4260000, 0x00000000c43a2510, 0x00000000c46a0000)
  to   space 4352K,   0% used [0x00000000c3e20000, 0x00000000c3e20000, 0x00000000c4260000)
 concurrent mark-sweep generation total 303656K, used 267904K [0x00000000d6750000, 0x00000000e8fda000, 0x0000000100000000)
 Metaspace       used 210808K, capacity 217792K, committed 217948K, reserved 1241088K
  class space    used 24241K, capacity 26987K, committed 27004K, reserved 1048576K
}
Event: 20442.722 GC heap before
{Heap before GC invocations=223 (full 9):
 par new generation   total 39296K, used 36233K [0x00000000c1c00000, 0x00000000c46a0000, 0x00000000d6750000)
  eden space 34944K, 100% used [0x00000000c1c00000, 0x00000000c3e20000, 0x00000000c3e20000)
  from space 4352K,  29% used [0x00000000c4260000, 0x00000000c43a2510, 0x00000000c46a0000)
  to   space 4352K,   0% used [0x00000000c3e20000, 0x00000000c3e20000, 0x00000000c4260000)
 concurrent mark-sweep generation total 303656K, used 267904K [0x00000000d6750000, 0x00000000e8fda000, 0x0000000100000000)
 Metaspace       used 210874K, capacity 217857K, committed 217948K, reserved 1241088K
  class space    used 24241K, capacity 26987K, committed 27004K, reserved 1048576K
}
Event: 20442.723 GC heap after
{Heap after GC invocations=224 (full 9):
 par new generation   total 39296K, used 1830K [0x00000000c1c00000, 0x00000000c46a0000, 0x00000000d6750000)
  eden space 34944K,   0% used [0x00000000c1c00000, 0x00000000c1c00000, 0x00000000c3e20000)
  from space 4352K,  42% used [0x00000000c3e20000, 0x00000000c3fe9840, 0x00000000c4260000)
  to   space 4352K,   0% used [0x00000000c4260000, 0x00000000c4260000, 0x00000000c46a0000)
 concurrent mark-sweep generation total 303656K, used 267904K [0x00000000d6750000, 0x00000000e8fda000, 0x0000000100000000)
 Metaspace       used 210874K, capacity 217857K, committed 217948K, reserved 1241088K
  class space    used 24241K, capacity 26987K, committed 27004K, reserved 1048576K
}
Event: 20665.427 GC heap before
{Heap before GC invocations=224 (full 9):
 par new generation   total 39296K, used 36774K [0x00000000c1c00000, 0x00000000c46a0000, 0x00000000d6750000)
  eden space 34944K, 100% used [0x00000000c1c00000, 0x00000000c3e20000, 0x00000000c3e20000)
  from space 4352K,  42% used [0x00000000c3e20000, 0x00000000c3fe9840, 0x00000000c4260000)
  to   space 4352K,   0% used [0x00000000c4260000, 0x00000000c4260000, 0x00000000c46a0000)
 concurrent mark-sweep generation total 303656K, used 267904K [0x00000000d6750000, 0x00000000e8fda000, 0x0000000100000000)
 Metaspace       used 210899K, capacity 217858K, committed 217948K, reserved 1241088K
  class space    used 24241K, capacity 26987K, committed 27004K, reserved 1048576K
}
Event: 20665.430 GC heap after
{Heap after GC invocations=225 (full 9):
 par new generation   total 39296K, used 1807K [0x00000000c1c00000, 0x00000000c46a0000, 0x00000000d6750000)
  eden space 34944K,   0% used [0x00000000c1c00000, 0x00000000c1c00000, 0x00000000c3e20000)
  from space 4352K,  41% used [0x00000000c4260000, 0x00000000c4423cc8, 0x00000000c46a0000)
  to   space 4352K,   0% used [0x00000000c3e20000, 0x00000000c3e20000, 0x00000000c4260000)
 concurrent mark-sweep generation total 303656K, used 267904K [0x00000000d6750000, 0x00000000e8fda000, 0x0000000100000000)
 Metaspace       used 210899K, capacity 217858K, committed 217948K, reserved 1241088K
  class space    used 24241K, capacity 26987K, committed 27004K, reserved 1048576K
}
Event: 20670.332 GC heap before
{Heap before GC invocations=225 (full 9):
 par new generation   total 39296K, used 36751K [0x00000000c1c00000, 0x00000000c46a0000, 0x00000000d6750000)
  eden space 34944K, 100% used [0x00000000c1c00000, 0x00000000c3e20000, 0x00000000c3e20000)
  from space 4352K,  41% used [0x00000000c4260000, 0x00000000c4423cc8, 0x00000000c46a0000)
  to   space 4352K,   0% used [0x00000000c3e20000, 0x00000000c3e20000, 0x00000000c4260000)
 concurrent mark-sweep generation total 303656K, used 267904K [0x00000000d6750000, 0x00000000e8fda000, 0x0000000100000000)
 Metaspace       used 210928K, capacity 217922K, committed 217948K, reserved 1241088K
  class space    used 24241K, capacity 26987K, committed 27004K, reserved 1048576K
}
Event: 20670.333 GC heap after
{Heap after GC invocations=226 (full 9):
 par new generation   total 39296K, used 1874K [0x00000000c1c00000, 0x00000000c46a0000, 0x00000000d6750000)
  eden space 34944K,   0% used [0x00000000c1c00000, 0x00000000c1c00000, 0x00000000c3e20000)
  from space 4352K,  43% used [0x00000000c3e20000, 0x00000000c3ff4be0, 0x00000000c4260000)
  to   space 4352K,   0% used [0x00000000c4260000, 0x00000000c4260000, 0x00000000c46a0000)
 concurrent mark-sweep generation total 303656K, used 267970K [0x00000000d6750000, 0x00000000e8fda000, 0x0000000100000000)
 Metaspace       used 210928K, capacity 217922K, committed 217948K, reserved 1241088K
  class space    used 24241K, capacity 26987K, committed 27004K, reserved 1048576K
}
Event: 21051.993 GC heap before
{Heap before GC invocations=226 (full 9):
 par new generation   total 39296K, used 36818K [0x00000000c1c00000, 0x00000000c46a0000, 0x00000000d6750000)
  eden space 34944K, 100% used [0x00000000c1c00000, 0x00000000c3e20000, 0x00000000c3e20000)
  from space 4352K,  43% used [0x00000000c3e20000, 0x00000000c3ff4be0, 0x00000000c4260000)
  to   space 4352K,   0% used [0x00000000c4260000, 0x00000000c4260000, 0x00000000c46a0000)
 concurrent mark-sweep generation total 303656K, used 267970K [0x00000000d6750000, 0x00000000e8fda000, 0x0000000100000000)
 Metaspace       used 210964K, capacity 217922K, committed 217948K, reserved 1241088K
  class space    used 24241K, capacity 26987K, committed 27004K, reserved 1048576K
}
Event: 21051.997 GC heap after
{Heap after GC invocations=227 (full 9):
 par new generation   total 39296K, used 2371K [0x00000000c1c00000, 0x00000000c46a0000, 0x00000000d6750000)
  eden space 34944K,   0% used [0x00000000c1c00000, 0x00000000c1c00000, 0x00000000c3e20000)
  from space 4352K,  54% used [0x00000000c4260000, 0x00000000c44b0da8, 0x00000000c46a0000)
  to   space 4352K,   0% used [0x00000000c3e20000, 0x00000000c3e20000, 0x00000000c4260000)
 concurrent mark-sweep generation total 303656K, used 267998K [0x00000000d6750000, 0x00000000e8fda000, 0x0000000100000000)
 Metaspace       used 210964K, capacity 217922K, committed 217948K, reserved 1241088K
  class space    used 24241K, capacity 26987K, committed 27004K, reserved 1048576K
}
Event: 21072.233 GC heap before
{Heap before GC invocations=227 (full 9):
 par new generation   total 39296K, used 37315K [0x00000000c1c00000, 0x00000000c46a0000, 0x00000000d6750000)
  eden space 34944K, 100% used [0x00000000c1c00000, 0x00000000c3e20000, 0x00000000c3e20000)
  from space 4352K,  54% used [0x00000000c4260000, 0x00000000c44b0da8, 0x00000000c46a0000)
  to   space 4352K,   0% used [0x00000000c3e20000, 0x00000000c3e20000, 0x00000000c4260000)
 concurrent mark-sweep generation total 303656K, used 267998K [0x00000000d6750000, 0x00000000e8fda000, 0x0000000100000000)
 Metaspace       used 211057K, capacity 218016K, committed 218204K, reserved 1241088K
  class space    used 24244K, capacity 26993K, committed 27004K, reserved 1048576K
}
Event: 21072.235 GC heap after
{Heap after GC invocations=228 (full 9):
 par new generation   total 39296K, used 3597K [0x00000000c1c00000, 0x00000000c46a0000, 0x00000000d6750000)
  eden space 34944K,   0% used [0x00000000c1c00000, 0x00000000c1c00000, 0x00000000c3e20000)
  from space 4352K,  82% used [0x00000000c3e20000, 0x00000000c41a3440, 0x00000000c4260000)
  to   space 4352K,   0% used [0x00000000c4260000, 0x00000000c4260000, 0x00000000c46a0000)
 concurrent mark-sweep generation total 303656K, used 268091K [0x00000000d6750000, 0x00000000e8fda000, 0x0000000100000000)
 Metaspace       used 211057K, capacity 218016K, committed 218204K, reserved 1241088K
  class space    used 24244K, capacity 26993K, committed 27004K, reserved 1048576K
}
Event: 21081.999 GC heap before
{Heap before GC invocations=228 (full 9):
 par new generation   total 39296K, used 38541K [0x00000000c1c00000, 0x00000000c46a0000, 0x00000000d6750000)
  eden space 34944K, 100% used [0x00000000c1c00000, 0x00000000c3e20000, 0x00000000c3e20000)
  from space 4352K,  82% used [0x00000000c3e20000, 0x00000000c41a3440, 0x00000000c4260000)
  to   space 4352K,   0% used [0x00000000c4260000, 0x00000000c4260000, 0x00000000c46a0000)
 concurrent mark-sweep generation total 303656K, used 268091K [0x00000000d6750000, 0x00000000e8fda000, 0x0000000100000000)
 Metaspace       used 211173K, capacity 218158K, committed 218204K, reserved 1241088K
  class space    used 24245K, capacity 26995K, committed 27004K, reserved 1048576K
}
Event: 21082.002 GC heap after
{Heap after GC invocations=229 (full 9):
 par new generation   total 39296K, used 2721K [0x00000000c1c00000, 0x00000000c46a0000, 0x00000000d6750000)
  eden space 34944K,   0% used [0x00000000c1c00000, 0x00000000c1c00000, 0x00000000c3e20000)
  from space 4352K,  62% used [0x00000000c4260000, 0x00000000c4508468, 0x00000000c46a0000)
  to   space 4352K,   0% used [0x00000000c3e20000, 0x00000000c3e20000, 0x00000000c4260000)
 concurrent mark-sweep generation total 303656K, used 268984K [0x00000000d6750000, 0x00000000e8fda000, 0x0000000100000000)
 Metaspace       used 211173K, capacity 218158K, committed 218204K, reserved 1241088K
  class space    used 24245K, capacity 26995K, committed 27004K, reserved 1048576K
}

Deoptimization events (20 events):
Event: 21071.825 Thread 0x000000002db94800 Uncommon trap: trap_request=0xffffffde fr.pc=0x000000000e43cab0 relative=0x0000000000000230
Event: 21071.825 Thread 0x000000002db94800 Uncommon trap: reason=class_check action=maybe_recompile pc=0x000000000e43cab0 method=com.intellij.psi.impl.source.PsiFileImpl.getContainingDirectory()Lcom/intellij/psi/PsiDirectory; @ 11 c2
Event: 21071.825 Thread 0x000000002db94800 DEOPT PACKING pc=0x000000000e43cab0 sp=0x000000002c8cea00
Event: 21071.825 Thread 0x000000002db94800 DEOPT UNPACKING pc=0x0000000005af822f sp=0x000000002c8ce9a8 mode 2
Event: 21071.825 Thread 0x000000002db8a000 Uncommon trap: trap_request=0xffffffbe fr.pc=0x000000000ef1ad48 relative=0x00000000000009a8
Event: 21071.825 Thread 0x000000002db8a000 Uncommon trap: reason=profile_predicate action=maybe_recompile pc=0x000000000ef1ad48 method=com.intellij.util.containers.ContainerUtil.sort(Ljava/util/List;Ljava/util/Comparator;)V @ 99 c2
Event: 21071.826 Thread 0x000000002db8a000 DEOPT PACKING pc=0x000000000ef1ad48 sp=0x0000000026d8e860
Event: 21071.826 Thread 0x000000002db8a000 DEOPT UNPACKING pc=0x0000000005af822f sp=0x0000000026d8e830 mode 2
Event: 21072.009 Thread 0x000000002db87000 Uncommon trap: trap_request=0xffffffc6 fr.pc=0x000000000dd40e20 relative=0x00000000000001c0
Event: 21072.009 Thread 0x000000002db87000 Uncommon trap: reason=bimorphic_or_optimized_type_check action=maybe_recompile pc=0x000000000dd40e20 method=com.intellij.openapi.progress.impl.CoreProgressManager.lambda$runProcess$2(Lcom/intellij/openapi/progress/ProgressIndicator;Ljava/lang/Runnable;)V 
Event: 21072.009 Thread 0x000000002db87000 DEOPT PACKING pc=0x000000000dd40e20 sp=0x000000002267d6e0
Event: 21072.009 Thread 0x000000002db87000 DEOPT UNPACKING pc=0x0000000005af822f sp=0x000000002267d670 mode 2
Event: 21073.468 Thread 0x000000001ade3800 Uncommon trap: trap_request=0xffffffc6 fr.pc=0x000000000e828284 relative=0x0000000000002304
Event: 21073.468 Thread 0x000000001ade3800 Uncommon trap: reason=bimorphic_or_optimized_type_check action=maybe_recompile pc=0x000000000e828284 method=java.awt.Component.dispatchEventImpl(Ljava/awt/AWTEvent;)V @ 195 c2
Event: 21073.468 Thread 0x000000001ade3800 DEOPT PACKING pc=0x000000000e828284 sp=0x000000001cb3bb40
Event: 21073.468 Thread 0x000000001ade3800 DEOPT UNPACKING pc=0x0000000005af822f sp=0x000000001cb3baf0 mode 2
Event: 21073.476 Thread 0x000000001ade3800 Uncommon trap: trap_request=0xffffffc6 fr.pc=0x000000000e828284 relative=0x0000000000002304
Event: 21073.476 Thread 0x000000001ade3800 Uncommon trap: reason=bimorphic_or_optimized_type_check action=maybe_recompile pc=0x000000000e828284 method=java.awt.Component.dispatchEventImpl(Ljava/awt/AWTEvent;)V @ 195 c2
Event: 21073.476 Thread 0x000000001ade3800 DEOPT PACKING pc=0x000000000e828284 sp=0x000000001cb3bb40
Event: 21073.476 Thread 0x000000001ade3800 DEOPT UNPACKING pc=0x0000000005af822f sp=0x000000001cb3baf0 mode 2

Classes redefined (0 events):
No events

Internal exceptions (20 events):
Event: 20444.799 Thread 0x000000001ade3800 Exception <a 'sun/nio/fs/WindowsException'{0x00000000c262da68}> (0x00000000c262da68) thrown at [./src/hotspot/share/prims/jni.cpp, line 615]
Event: 20444.799 Thread 0x000000001ade3800 Exception <a 'sun/nio/fs/WindowsException'{0x00000000c262e148}> (0x00000000c262e148) thrown at [./src/hotspot/share/prims/jni.cpp, line 615]
Event: 20444.802 Thread 0x000000001d7f2000 Exception <a 'sun/nio/fs/WindowsException'{0x00000000c25940f8}> (0x00000000c25940f8) thrown at [./src/hotspot/share/prims/jni.cpp, line 615]
Event: 20444.818 Thread 0x000000001d7f2000 Exception <a 'sun/nio/fs/WindowsException'{0x00000000c2594950}> (0x00000000c2594950) thrown at [./src/hotspot/share/prims/jni.cpp, line 615]
Event: 20444.836 Thread 0x000000002db90000 Exception <a 'sun/nio/fs/WindowsException'{0x00000000c29f1b58}> (0x00000000c29f1b58) thrown at [./src/hotspot/share/prims/jni.cpp, line 615]
Event: 20444.844 Thread 0x000000002db90000 Exception <a 'sun/nio/fs/WindowsException'{0x00000000c29f2638}> (0x00000000c29f2638) thrown at [./src/hotspot/share/prims/jni.cpp, line 615]
Event: 20670.319 Thread 0x000000001ade3800 Exception <a 'sun/nio/fs/WindowsException'{0x00000000c3b130b8}> (0x00000000c3b130b8) thrown at [./src/hotspot/share/prims/jni.cpp, line 615]
Event: 20670.320 Thread 0x000000001ade3800 Exception <a 'sun/nio/fs/WindowsException'{0x00000000c3b13798}> (0x00000000c3b13798) thrown at [./src/hotspot/share/prims/jni.cpp, line 615]
Event: 20826.385 Thread 0x000000001ade3800 Exception <a 'sun/nio/fs/WindowsException'{0x00000000c27b2a38}> (0x00000000c27b2a38) thrown at [./src/hotspot/share/prims/jni.cpp, line 615]
Event: 20826.385 Thread 0x000000001ade3800 Exception <a 'sun/nio/fs/WindowsException'{0x00000000c27b3118}> (0x00000000c27b3118) thrown at [./src/hotspot/share/prims/jni.cpp, line 615]
Event: 20826.397 Thread 0x000000002db87000 Exception <a 'sun/nio/fs/WindowsException'{0x00000000c1d81a00}> (0x00000000c1d81a00) thrown at [./src/hotspot/share/prims/jni.cpp, line 615]
Event: 20842.650 Thread 0x000000001ade3800 Exception <a 'sun/nio/fs/WindowsException'{0x00000000c3017c50}> (0x00000000c3017c50) thrown at [./src/hotspot/share/prims/jni.cpp, line 615]
Event: 20842.651 Thread 0x000000001ade3800 Exception <a 'sun/nio/fs/WindowsException'{0x00000000c3018330}> (0x00000000c3018330) thrown at [./src/hotspot/share/prims/jni.cpp, line 615]
Event: 21070.267 Thread 0x000000001ad34800 Exception <a 'java/lang/NoSuchMethodError'{0x00000000c1ec9ff0}: isLightweightDialog> (0x00000000c1ec9ff0) thrown at [./src/hotspot/share/prims/jni.cpp, line 1331]
Event: 21072.149 Thread 0x000000002db8c800 Exception <a 'sun/net/ConnectionResetException'{0x00000000c3b22d08}: > (0x00000000c3b22d08) thrown at [./src/hotspot/share/prims/jni.cpp, line 636]
Event: 21072.155 Thread 0x000000002db95800 Exception <a 'java/net/SocketException'{0x00000000c3906050}: Interrupted function call: accept failed> (0x00000000c3906050) thrown at [./src/hotspot/share/prims/jni.cpp, line 636]
Event: 21073.382 Thread 0x000000001ad34800 Exception <a 'java/lang/NoSuchMethodError'{0x00000000c2020070}: isLightweightDialog> (0x00000000c2020070) thrown at [./src/hotspot/share/prims/jni.cpp, line 1331]
Event: 21073.862 Thread 0x000000001ad34800 Exception <a 'java/lang/NoSuchMethodError'{0x00000000c216abe8}: isLightweightDialog> (0x00000000c216abe8) thrown at [./src/hotspot/share/prims/jni.cpp, line 1331]
Event: 21080.733 Thread 0x000000001ad34800 Exception <a 'java/lang/NoSuchMethodError'{0x00000000c3a823c8}: isLightweightDialog> (0x00000000c3a823c8) thrown at [./src/hotspot/share/prims/jni.cpp, line 1331]
Event: 21082.124 Thread 0x000000001ade3800 Implicit null exception at 0x000000000d72be88 to 0x0000000000000000

Events (20 events):
Event: 21081.988 Executing VM operation: RevokeBias
Event: 21081.988 Executing VM operation: RevokeBias done
Event: 21081.989 Executing VM operation: RevokeBias
Event: 21081.989 Executing VM operation: RevokeBias done
Event: 21081.989 Executing VM operation: RevokeBias
Event: 21081.989 Executing VM operation: RevokeBias done
Event: 21081.989 Executing VM operation: RevokeBias
Event: 21081.989 Executing VM operation: RevokeBias done
Event: 21081.989 Executing VM operation: RevokeBias
Event: 21081.989 Executing VM operation: RevokeBias done
Event: 21081.999 Executing VM operation: GenCollectForAllocation
Event: 21082.002 Executing VM operation: GenCollectForAllocation done
Event: 21082.052 Executing VM operation: BulkRevokeBias
Event: 21082.053 Executing VM operation: BulkRevokeBias done
Event: 21082.056 Executing VM operation: BulkRevokeBias
Event: 21082.057 Executing VM operation: BulkRevokeBias done
Event: 21082.082 Executing VM operation: BulkRevokeBias
Event: 21082.083 Executing VM operation: BulkRevokeBias done
Event: 21082.122 Executing VM operation: BulkRevokeBias
Event: 21082.123 Executing VM operation: BulkRevokeBias done


Dynamic libraries:
0x0000000140000000 - 0x0000000140148000 	D:\PyCharm\PyCharm Community Edition 2020.2.2\bin\pycharm64.exe
0x00007ff943ae0000 - 0x00007ff943cd0000 	C:\WINDOWS\SYSTEM32\ntdll.dll
0x00007ff941f70000 - 0x00007ff942022000 	C:\WINDOWS\System32\KERNEL32.DLL
0x00007ff941640000 - 0x00007ff9418e5000 	C:\WINDOWS\System32\KERNELBASE.dll
0x00007ff943710000 - 0x00007ff9438a5000 	C:\WINDOWS\System32\USER32.dll
0x00007ff941b60000 - 0x00007ff941b81000 	C:\WINDOWS\System32\win32u.dll
0x00007ff9439a0000 - 0x00007ff9439c6000 	C:\WINDOWS\System32\GDI32.dll
0x00007ff9418f0000 - 0x00007ff941a86000 	C:\WINDOWS\System32\gdi32full.dll
0x00007ff940c40000 - 0x00007ff940cde000 	C:\WINDOWS\System32\msvcp_win.dll
0x00007ff941540000 - 0x00007ff94163a000 	C:\WINDOWS\System32\ucrtbase.dll
0x00007ff942050000 - 0x00007ff9420f3000 	C:\WINDOWS\System32\ADVAPI32.dll
0x00007ff942570000 - 0x00007ff94260e000 	C:\WINDOWS\System32\msvcrt.dll
0x00007ff943300000 - 0x00007ff943397000 	C:\WINDOWS\System32\sechost.dll
0x00007ff941b90000 - 0x00007ff941cb0000 	C:\WINDOWS\System32\RPCRT4.dll
0x00007ff9426c0000 - 0x00007ff942da7000 	C:\WINDOWS\System32\SHELL32.dll
0x00007ff940d70000 - 0x00007ff940dba000 	C:\WINDOWS\System32\cfgmgr32.dll
0x00007ff942610000 - 0x00007ff9426b9000 	C:\WINDOWS\System32\shcore.dll
0x00007ff942e80000 - 0x00007ff9431b5000 	C:\WINDOWS\System32\combase.dll
0x00007ff940bc0000 - 0x00007ff940c40000 	C:\WINDOWS\System32\bcryptPrimitives.dll
0x00007ff940dc0000 - 0x00007ff941540000 	C:\WINDOWS\System32\windows.storage.dll
0x00007ff940a40000 - 0x00007ff940a63000 	C:\WINDOWS\System32\profapi.dll
0x00007ff9409f0000 - 0x00007ff940a3a000 	C:\WINDOWS\System32\powrprof.dll
0x00007ff9409a0000 - 0x00007ff9409b0000 	C:\WINDOWS\System32\UMPDC.dll
0x00007ff941e90000 - 0x00007ff941ee2000 	C:\WINDOWS\System32\shlwapi.dll
0x00007ff9409d0000 - 0x00007ff9409e1000 	C:\WINDOWS\System32\kernel.appcore.dll
0x00007ff941a90000 - 0x00007ff941aa7000 	C:\WINDOWS\System32\cryptsp.dll
0x00007ff941d30000 - 0x00007ff941e87000 	C:\WINDOWS\System32\ole32.dll
0x00007ff943630000 - 0x00007ff94365e000 	C:\WINDOWS\System32\IMM32.DLL
0x00007ff8d3ec0000 - 0x00007ff8d497d000 	D:\PyCharm\PyCharm Community Edition 2020.2.2\jbr\bin\server\jvm.dll
0x00007ff941ef0000 - 0x00007ff941ef8000 	C:\WINDOWS\System32\PSAPI.DLL
0x00007ff938600000 - 0x00007ff938624000 	C:\WINDOWS\SYSTEM32\WINMM.dll
0x00007ff933ee0000 - 0x00007ff933eea000 	C:\WINDOWS\SYSTEM32\VERSION.dll
0x00007ff938f60000 - 0x00007ff938f69000 	C:\WINDOWS\SYSTEM32\WSOCK32.dll
0x00007ff921e20000 - 0x00007ff921e39000 	C:\WINDOWS\SYSTEM32\VCRUNTIME140.dll
0x00007ff943930000 - 0x00007ff94399f000 	C:\WINDOWS\System32\WS2_32.dll
0x00007ff938440000 - 0x00007ff93846d000 	C:\WINDOWS\SYSTEM32\winmmbase.dll
0x00007ff9362e0000 - 0x00007ff9362f1000 	D:\PyCharm\PyCharm Community Edition 2020.2.2\jbr\bin\verify.dll
0x00007ff93f100000 - 0x00007ff93f2f4000 	C:\WINDOWS\SYSTEM32\DBGHELP.DLL
0x00007ff921d50000 - 0x00007ff921d7a000 	C:\WINDOWS\SYSTEM32\dbgcore.DLL
0x00007ff934f50000 - 0x00007ff934f79000 	D:\PyCharm\PyCharm Community Edition 2020.2.2\jbr\bin\java.dll
0x00007ff935cf0000 - 0x00007ff935cfb000 	D:\PyCharm\PyCharm Community Edition 2020.2.2\jbr\bin\jimage.dll
0x00007ff934fd0000 - 0x00007ff934fe8000 	D:\PyCharm\PyCharm Community Edition 2020.2.2\jbr\bin\zip.dll
0x00007ff934f30000 - 0x00007ff934f4a000 	D:\PyCharm\PyCharm Community Edition 2020.2.2\jbr\bin\net.dll
0x00007ff937c20000 - 0x00007ff937d10000 	C:\WINDOWS\SYSTEM32\WINHTTP.dll
0x00007ff9401f0000 - 0x00007ff940257000 	C:\WINDOWS\system32\mswsock.dll
0x00007ff934d30000 - 0x00007ff934d44000 	D:\PyCharm\PyCharm Community Edition 2020.2.2\jbr\bin\nio.dll
0x00007ff935ce0000 - 0x00007ff935cea000 	D:\PyCharm\PyCharm Community Edition 2020.2.2\jbr\bin\management.dll
0x00007ff9327b0000 - 0x00007ff932953000 	D:\PyCharm\PyCharm Community Edition 2020.2.2\jbr\bin\awt.dll
0x00007ff942db0000 - 0x00007ff942e75000 	C:\WINDOWS\System32\OLEAUT32.dll
0x00007ff93ec70000 - 0x00007ff93ec9d000 	C:\WINDOWS\SYSTEM32\dwmapi.dll
0x00007ff921d80000 - 0x00007ff921e11000 	C:\WINDOWS\SYSTEM32\MSVCP140.dll
0x00007ff925a80000 - 0x00007ff925a8c000 	C:\WINDOWS\SYSTEM32\VCRUNTIME140_1.dll
0x00007ff93a950000 - 0x00007ff93a9df000 	C:\WINDOWS\SYSTEM32\apphelp.dll
0x00007ff935ab0000 - 0x00007ff935abc000 	D:\PyCharm\PyCharm Community Edition 2020.2.2\jbr\bin\management_ext.dll
0x00007ff93fd60000 - 0x00007ff93fd93000 	C:\WINDOWS\system32\rsaenh.dll
0x00007ff940d40000 - 0x00007ff940d66000 	C:\WINDOWS\System32\bcrypt.dll
0x00007ff9408c0000 - 0x00007ff9408e5000 	C:\WINDOWS\SYSTEM32\USERENV.dll
0x00007ff9403c0000 - 0x00007ff9403cc000 	C:\WINDOWS\SYSTEM32\CRYPTBASE.dll
0x00007ff93ff00000 - 0x00007ff93ff3a000 	C:\WINDOWS\SYSTEM32\IPHLPAPI.DLL
0x00007ff942040000 - 0x00007ff942048000 	C:\WINDOWS\System32\NSI.dll
0x00007ff934080000 - 0x00007ff934096000 	C:\WINDOWS\SYSTEM32\dhcpcsvc6.DLL
0x00007ff935040000 - 0x00007ff93505c000 	C:\WINDOWS\SYSTEM32\dhcpcsvc.DLL
0x00007ff93ff40000 - 0x00007ff94000b000 	C:\WINDOWS\SYSTEM32\DNSAPI.dll
0x00007ff9267c0000 - 0x00007ff926869000 	C:\WINDOWS\WinSxS\amd64_microsoft.windows.common-controls_6595b64144ccf1df_5.82.18362.1082_none_73b2803ad816b43c\COMCTL32.dll
0x00007ff93b340000 - 0x00007ff93b3d9000 	C:\WINDOWS\system32\uxtheme.dll
0x00007ff9431c0000 - 0x00007ff9432f5000 	C:\WINDOWS\System32\MSCTF.dll
0x00007ff935580000 - 0x00007ff93558a000 	D:\PyCharm\PyCharm Community Edition 2020.2.2\jbr\bin\prefs.dll
0x00007ff934b80000 - 0x00007ff934bc1000 	C:\Users\Horatio Juan\AppData\Local\JetBrains\PyCharmCE2020.2\tmp\jna5666887707402769809.dll
0x00007ff8f06f0000 - 0x00007ff8f0846000 	C:\WINDOWS\system32\opengl32.dll
0x00007ff934ab0000 - 0x00007ff934adc000 	C:\WINDOWS\SYSTEM32\GLU32.dll
0x00007ff93f5f0000 - 0x00007ff93f610000 	C:\WINDOWS\SYSTEM32\dxcore.dll
0x00007ff9326f0000 - 0x00007ff932775000 	D:\PyCharm\PyCharm Community Edition 2020.2.2\jbr\bin\freetype.dll
0x00007ff90fda0000 - 0x00007ff90fe49000 	D:\PyCharm\PyCharm Community Edition 2020.2.2\jbr\bin\fontmanager.dll
0x00007ff932f90000 - 0x00007ff932fcf000 	D:\PyCharm\PyCharm Community Edition 2020.2.2\jbr\bin\lcms.dll
0x00007ff934a90000 - 0x00007ff934aab000 	D:\PyCharm\PyCharm Community Edition 2020.2.2\bin\IdeaWin64.dll
0x00007ff932ec0000 - 0x00007ff932ee8000 	D:\PyCharm\PyCharm Community Edition 2020.2.2\jbr\bin\sunec.dll
0x00007ff933ff0000 - 0x00007ff933ffa000 	C:\Windows\System32\rasadhlp.dll
0x00007ff933d80000 - 0x00007ff933df7000 	C:\WINDOWS\System32\fwpuclnt.dll
0x00007ff92a840000 - 0x00007ff92aac4000 	C:\WINDOWS\WinSxS\amd64_microsoft.windows.common-controls_6595b64144ccf1df_6.0.18362.1082_none_9e8193e1e45b25c1\comctl32.dll
0x00007ff936ff0000 - 0x00007ff93719f000 	C:\WINDOWS\SYSTEM32\WindowsCodecs.dll
0x00007ff92e1c0000 - 0x00007ff92e1fa000 	C:\WINDOWS\system32\dataexchange.dll
0x00007ff939e10000 - 0x00007ff93a06b000 	C:\WINDOWS\system32\d3d11.dll
0x00007ff93a070000 - 0x00007ff93a24d000 	C:\WINDOWS\system32\dcomp.dll
0x00007ff93f680000 - 0x00007ff93f76b000 	C:\WINDOWS\system32\dxgi.dll
0x00007ff93ea00000 - 0x00007ff93ec62000 	C:\WINDOWS\system32\twinapi.appcore.dll
0x00007ff93ef20000 - 0x00007ff93ef49000 	C:\WINDOWS\system32\RMCLIENT.dll
0x00007ff934870000 - 0x00007ff93490e000 	C:\WINDOWS\System32\TextInputFramework.dll
0x00007ff937200000 - 0x00007ff93752a000 	C:\WINDOWS\System32\CoreUIComponents.dll
0x00007ff93a6a0000 - 0x00007ff93a774000 	C:\WINDOWS\System32\CoreMessaging.dll
0x00007ff93f9e0000 - 0x00007ff93fa11000 	C:\WINDOWS\SYSTEM32\ntmarta.dll
0x00007ff939180000 - 0x00007ff9392d3000 	C:\WINDOWS\SYSTEM32\wintypes.dll
0x00007ff92c6c0000 - 0x00007ff92c966000 	C:\WINDOWS\System32\iertutil.dll
0x00007ff92b730000 - 0x00007ff92b936000 	C:\WINDOWS\system32\explorerframe.dll
0x00007ff936300000 - 0x00007ff936a6c000 	C:\Windows\System32\OneCoreUAPCommonProxyStub.dll
0x00007ff937570000 - 0x00007ff9375d5000 	C:\WINDOWS\system32\Ninput.dll
0x00007ff93b550000 - 0x00007ff93b640000 	C:\WINDOWS\SYSTEM32\PROPSYS.dll
0x00007ff934d10000 - 0x00007ff934d26000 	C:\WINDOWS\system32\NetworkExplorer.dll
0x00007ff926de0000 - 0x00007ff926dfb000 	C:\WINDOWS\SYSTEM32\MPR.dll
0x00007ff934f20000 - 0x00007ff934f2b000 	C:\WINDOWS\System32\drprov.dll
0x00007ff93fa50000 - 0x00007ff93faa6000 	C:\WINDOWS\System32\WINSTA.dll
0x00007ff9326d0000 - 0x00007ff9326e5000 	C:\WINDOWS\System32\ntlanman.dll
0x00007ff932690000 - 0x00007ff9326ad000 	C:\WINDOWS\System32\davclnt.dll
0x00007ff937880000 - 0x00007ff93788c000 	C:\WINDOWS\System32\DAVHLPR.dll
0x00007ff9378e0000 - 0x00007ff9378f7000 	C:\WINDOWS\System32\wkscli.dll
0x00007ff917810000 - 0x00007ff917822000 	C:\WINDOWS\SYSTEM32\cscapi.dll
0x00007ff940010000 - 0x00007ff94001c000 	C:\WINDOWS\System32\netutils.dll
0x00007ff91ed90000 - 0x00007ff91ede3000 	C:\Windows\System32\dlnashext.dll
0x00007ff93aed0000 - 0x00007ff93aef0000 	C:\Windows\System32\DevDispItemProvider.dll
0x00007ff940790000 - 0x00007ff9407ba000 	C:\WINDOWS\System32\DEVOBJ.dll
0x00007ff90a510000 - 0x00007ff90a5ab000 	C:\WINDOWS\system32\wpdshext.dll
0x00007ff93ac00000 - 0x00007ff93ada3000 	C:\WINDOWS\WinSxS\amd64_microsoft.windows.gdiplus_6595b64144ccf1df_1.1.18362.1082_none_cf6c86c73eed9f8f\gdiplus.dll
0x00007ff927f50000 - 0x00007ff927fee000 	C:\Windows\System32\PortableDeviceApi.dll
0x00007ff942100000 - 0x00007ff942570000 	C:\WINDOWS\System32\SETUPAPI.dll
0x00007ff940ce0000 - 0x00007ff940d3c000 	C:\WINDOWS\System32\WINTRUST.dll
0x00007ff9409b0000 - 0x00007ff9409c2000 	C:\WINDOWS\System32\MSASN1.dll
0x00007ff940a70000 - 0x00007ff940bb9000 	C:\WINDOWS\System32\CRYPT32.dll
0x00007ff92f7e0000 - 0x00007ff92f817000 	C:\Windows\System32\EhStorShell.dll
0x00007ff926140000 - 0x00007ff926165000 	C:\Windows\System32\EhStorAPI.dll
0x00007ff93ae90000 - 0x00007ff93aea3000 	C:\Windows\System32\WTSAPI32.dll
0x00007ff933d10000 - 0x00007ff933d1d000 	C:\WINDOWS\SYSTEM32\LINKINFO.dll
0x00007ff90cfc0000 - 0x00007ff90d07f000 	C:\WINDOWS\system32\msctfuimanager.dll
0x00007ff901aa0000 - 0x00007ff901c53000 	C:\WINDOWS\system32\DUI70.dll
0x00007ff928dd0000 - 0x00007ff928e63000 	C:\WINDOWS\system32\DUser.dll
0x00007ff91a170000 - 0x00007ff91a3e0000 	C:\WINDOWS\SYSTEM32\UIAutomationCore.dll
0x00007ff9407e0000 - 0x00007ff94087d000 	C:\WINDOWS\SYSTEM32\sxs.dll
0x00007ff936db0000 - 0x00007ff936df7000 	C:\WINDOWS\System32\UIAnimation.dll
0x00007ff9349d0000 - 0x00007ff934a35000 	C:\Windows\System32\oleacc.dll
0x00007ff92bc40000 - 0x00007ff92bf3e000 	C:\WINDOWS\system32\dwrite.dll

dbghelp: loaded successfully - version: 4.0.5 - missing functions: none
symbol engine: initialized successfully - sym options: 0x614 - pdb path: .;D:\PyCharm\PyCharm Community Edition 2020.2.2\bin;C:\WINDOWS\SYSTEM32;D:\PyCharm\PyCharm Community Edition 2020.2.2\jbr\bin\server;D:\PyCharm\PyCharm Community Edition 2020.2.2\jbr\bin;C:\WINDOWS\WinSxS\amd64_microsoft.windows.common-controls_6595b64144ccf1df_5.82.18362.1082_none_73b2803ad816b43c;C:\Users\Horatio Juan\AppData\Local\JetBrains\PyCharmCE2020.2\tmp;C:\WINDOWS\WinSxS\amd64_microsoft.windows.common-controls_6595b64144ccf1df_6.0.18362.1082_none_9e8193e1e45b25c1;C:\WINDOWS\WinSxS\amd64_microsoft.windows.gdiplus_6595b64144ccf1df_1.1.18362.1082_none_cf6c86c73eed9f8f

VM Arguments:
jvm_args: exit -Xms128m -Xmx995m -XX:ReservedCodeCacheSize=240m -XX:+UseConcMarkSweepGC -XX:SoftRefLRUPolicyMSPerMB=50 -ea -XX:CICompilerCount=2 -Dsun.io.useCanonPrefixCache=false -Djdk.http.auth.tunneling.disabledSchemes="" -XX:+HeapDumpOnOutOfMemoryError -XX:-OmitStackTraceInFastThrow -Djdk.attach.allowAttachSelf=true -Dkotlinx.coroutines.debug=off -Djdk.module.illegalAccess.silent=true -Djb.vmOptionsFile=C:\Users\Horatio Juan\AppData\Roaming\JetBrains\PyCharmCE2020.2\pycharm64.exe.vmoptions -Djava.library.path=D:\PyCharm\PyCharm Community Edition 2020.2.2\jbr\\bin;D:\PyCharm\PyCharm Community Edition 2020.2.2\jbr\\bin\server -Didea.platform.prefix=PyCharmCore -Dide.native.launcher=true -Didea.vendor.name=JetBrains -Didea.paths.selector=PyCharmCE2020.2 -XX:ErrorFile=C:\Users\Horatio Juan\java_error_in_pycharm_%p.log -XX:HeapDumpPath=C:\Users\Horatio Juan\java_error_in_pycharm.hprof 
java_command: <unknown>
java_class_path (initial): D:\PyCharm\PyCharm Community Edition 2020.2.2\lib\bootstrap.jar;D:\PyCharm\PyCharm Community Edition 2020.2.2\lib\extensions.jar;D:\PyCharm\PyCharm Community Edition 2020.2.2\lib\util.jar;D:\PyCharm\PyCharm Community Edition 2020.2.2\lib\jdom.jar;D:\PyCharm\PyCharm Community Edition 2020.2.2\lib\log4j.jar;D:\PyCharm\PyCharm Community Edition 2020.2.2\lib\trove4j.jar;D:\PyCharm\PyCharm Community Edition 2020.2.2\lib\jna.jar
Launcher Type: generic

[Global flags]
     intx CICompilerCount                          = 2                                         {product} {command line}
    ccstr ErrorFile                                = C:\Users\Horatio Juan\java_error_in_pycharm_%p.log            {product} {command line}
     bool HeapDumpOnOutOfMemoryError               = true                                   {manageable} {command line}
    ccstr HeapDumpPath                             = C:\Users\Horatio Juan\java_error_in_pycharm.hprof         {manageable} {command line}
   size_t InitialHeapSize                          = 134217728                                 {product} {command line}
   size_t MaxHeapSize                              = 1044381696                                {product} {command line, ergonomic}
   size_t MaxNewSize                               = 347406336                                 {product} {ergonomic}
    uintx MaxTenuringThreshold                     = 6                                         {product} {ergonomic}
   size_t MinHeapDeltaBytes                        = 196608                                    {product} {ergonomic}
   size_t NewSize                                  = 44695552                                  {product} {ergonomic}
    uintx NonNMethodCodeHeapSize                   = 5825164                                {pd product} {ergonomic}
    uintx NonProfiledCodeHeapSize                  = 122916538                              {pd product} {ergonomic}
   size_t OldSize                                  = 89522176                                  {product} {ergonomic}
     bool OmitStackTraceInFastThrow                = false                                     {product} {command line}
    uintx ProfiledCodeHeapSize                     = 122916538                              {pd product} {ergonomic}
    uintx ReservedCodeCacheSize                    = 251658240                              {pd product} {command line}
     bool SegmentedCodeCache                       = true                                      {product} {ergonomic}
     intx SoftRefLRUPolicyMSPerMB                  = 50                                        {product} {command line}
     bool UseCompressedClassPointers               = true                                 {lp64_product} {ergonomic}
     bool UseCompressedOops                        = true                                 {lp64_product} {ergonomic}
     bool UseConcMarkSweepGC                       = true                                      {product} {command line}
     bool UseLargePagesIndividualAllocation        = false                                  {pd product} {ergonomic}

Logging:
Log output configuration:
 #0: stdout all=warning uptime,level,tags
 #1: stderr all=off uptime,level,tags

Environment Variables:
PATH=C:\Windows\system32;C:\Windows;C:\Windows\System32\Wbem;C:\Windows\System32\WindowsPowerShell\v1.0\;C:\Windows\System32\OpenSSH\;C:\Program Files (x86)\NVIDIA Corporation\PhysX\Common;C:\Program Files\NVIDIA Corporation\NVIDIA NvDLISR;C:\WINDOWS\system32;C:\WINDOWS;C:\WINDOWS\System32\Wbem;C:\WINDOWS\System32\WindowsPowerShell\v1.0\;C:\WINDOWS\System32\OpenSSH\;C:\Program Files\Microsoft SQL Server\130\Tools\Binn\;C:\Program Files\dotnet\;D:\Opera download\mysql-8.0.21-winx64\bin;C:\ProgramData\Anaconda3;C:\ProgramData\Anaconda3\Scripts;C:\ProgramData\Anaconda3\Library\lib;C:\Users\Horatio Juan\AppData\Local\Programs\Python\Python38-32\Scripts\;C:\Users\Horatio Juan\AppData\Local\Programs\Python\Python38-32\;C:\Users\Horatio Juan\AppData\Local\Microsoft\WindowsApps;C:\Program Files\Bandizip\;C:\Users\Horatio Juan\.dotnet\tools;D:\PyCharm\PyCharm Community Edition 2020.2.2\bin
USERNAME=Horatio Juan
OS=Windows_NT
PROCESSOR_IDENTIFIER=Intel64 Family 6 Model 126 Stepping 5, GenuineIntel



---------------  S Y S T E M  ---------------

OS: Windows 10 , 64 bit Build 18362 (10.0.18362.1082)
OS uptime: 7 days 15:43 hours

CPU:total 8 (initial active 8) (4 cores per cpu, 2 threads per core) family 6 model 126 stepping 5, cmov, cx8, fxsr, mmx, sse, sse2, sse3, ssse3, sse4.1, sse4.2, popcnt, avx, avx2, aes, clmul, erms, 3dnowpref, lzcnt, ht, tsc, tscinvbit, bmi1, bmi2, adx, evex, sha, fma

Memory: 4k page, system-wide physical 7963M (2230M free)
TotalPageFile size 11675M (AvailPageFile size 2243M)
current process WorkingSet (physical memory assigned to process): 525M, peak: 799M
current process commit charge ("private bytes"): 851M, peak: 861M

vm_info: OpenJDK 64-Bit Server VM (11.0.8+10-b944.31) for windows-amd64 JRE (11.0.8+10-b944.31), built on Aug  6 2020 12:27:04 by "" with MS VC++ 14.0 (VS2015)

END.
